This is pdfTeX, Version 3.14159265-2.6-1.40.17 (TeX Live 2016) (preloaded format=pdflatex 2016.5.22)  21 MAR 2017 14:49
entering extended mode
 restricted \write18 enabled.
 %&-line parsing enabled.
**beamerposter.sty
(./beamerposter.sty
LaTeX2e <2016/03/31>
Babel <3.9r> and hyphenation patterns for 83 language(s) loaded.
! Use of \beamerposter doesn't match its definition.
<argument> \beamerposter @n
                           ame
l.41 \ProvidesPackage{\beamerposter@name}
                                         [\beamerposter@releaseinfo]
If you say, e.g., `\def\a1{...}', then you must always
put `1' after `\a', since control sequence names are
made up of letters only. The macro here has not been
followed by the required stuff, so I'm ignoring it.

! Use of \beamerposter doesn't match its definition.
<write> ...s@pkg \space provides `\beamerposter @n
                                                  ame'\@gobble \on@line .
l.41 \ProvidesPackage{\beamerposter@name}
                                         [\beamerposter@releaseinfo]
If you say, e.g., `\def\a1{...}', then you must always
put `1' after `\a', since control sequence names are
made up of letters only. The macro here has not been
followed by the required stuff, so I'm ignoring it.


LaTeX Warning: You have requested package `',
               but the package provides `ame'.

! Use of \beamerposter doesn't match its definition.
<argument> \beamerposter @r
                           eleaseinfo
l.41 ...merposter@name}[\beamerposter@releaseinfo]
                                                  
If you say, e.g., `\def\a1{...}', then you must always
put `1' after `\a', since control sequence names are
made up of letters only. The macro here has not been
followed by the required stuff, so I'm ignoring it.

! Use of \beamerposter doesn't match its definition.
<write> Package: \@gtempa \space \beamerposter @r
                                                 eleaseinfo
l.41 ...merposter@name}[\beamerposter@releaseinfo]
                                                  
If you say, e.g., `\def\a1{...}', then you must always
put `1' after `\a', since control sequence names are
made up of letters only. The macro here has not been
followed by the required stuff, so I'm ignoring it.

Package: ame eleaseinfo
(/usr/local/texlive/2016/texmf-dist/tex/latex/xkeyval/xkeyval.sty
Package: xkeyval 2014/12/03 v2.7a package option processing (HA)

(/usr/local/texlive/2016/texmf-dist/tex/generic/xkeyval/xkeyval.tex
(/usr/local/texlive/2016/texmf-dist/tex/generic/xkeyval/xkvutils.tex
\XKV@toks=\toks14
\XKV@tempa@toks=\toks15

(/usr/local/texlive/2016/texmf-dist/tex/generic/xkeyval/keyval.tex))
\XKV@depth=\count79
File: xkeyval.tex 2014/12/03 v2.7a key=value parser (HA)
)

! Package xkeyval Error: xkeyval loaded before \documentclass.

See the xkeyval package documentation for explanation.
Type  H <return>  for immediate help.
 ...                                              
                                                  
l.62 ...yval loaded before \protect\documentclass}
                                                  %
Try typing  <return>  to proceed.
If that doesn't work, type  X <return>  to quit.

) (/usr/local/texlive/2016/texmf-dist/tex/latex/type1cm/type1cm.sty
Package: type1cm 2002/09/05 v0.04 BlueSky/Y&Y Type1 CM font definitions (DPC, p
atched RF)
)
(/usr/local/texlive/2016/texmf-dist/tex/latex/fp/fp.sty
Package: fp 1995/04/02

`Fixed Point Package', Version 0.8, April 2, 1995 (C) Michael Mehlich
(/usr/local/texlive/2016/texmf-dist/tex/latex/fp/defpattern.sty
Package: defpattern 1994/10/12
\actioncount=\count80
)
(/usr/local/texlive/2016/texmf-dist/tex/latex/fp/fp-basic.sty
Package: fp-basic 1996/05/13
\FP@xs=\count81
\FP@xia=\count82
\FP@xib=\count83
\FP@xfa=\count84
\FP@xfb=\count85
\FP@rega=\count86
\FP@regb=\count87
\FP@regs=\count88
\FP@times=\count89
)
(/usr/local/texlive/2016/texmf-dist/tex/latex/fp/fp-addons.sty
Package: fp-addons 1995/03/15
)
(/usr/local/texlive/2016/texmf-dist/tex/latex/fp/fp-snap.sty
Package: fp-snap 1995/04/05
)
(/usr/local/texlive/2016/texmf-dist/tex/latex/fp/fp-exp.sty
Package: fp-exp 1995/04/03
)
(/usr/local/texlive/2016/texmf-dist/tex/latex/fp/fp-trigo.sty
Package: fp-trigo 1995/04/14
)
(/usr/local/texlive/2016/texmf-dist/tex/latex/fp/fp-pas.sty
Package: fp-pas 1994/08/29
)
(/usr/local/texlive/2016/texmf-dist/tex/latex/fp/fp-random.sty
Package: fp-random 1995/02/23
\FPseed=\count90
)
(/usr/local/texlive/2016/texmf-dist/tex/latex/fp/fp-eqn.sty
Package: fp-eqn 1995/04/03
)
(/usr/local/texlive/2016/texmf-dist/tex/latex/fp/fp-upn.sty
Package: fp-upn 1996/10/21
)
(/usr/local/texlive/2016/texmf-dist/tex/latex/fp/fp-eval.sty
Package: fp-eval 1995/04/03
))

! LaTeX Error: Missing \begin{document}.

See the LaTeX manual or LaTeX Companion for explanation.
Type  H <return>  for immediate help.
 ...                                              
                                                  
l.46 \newif\if@
               beamerposter@portrait
You're in trouble here.  Try typing  <return>  to proceed.
If that doesn't work, type  X <return>  to quit.

Missing character: There is no @ in font nullfont!
Missing character: There is no b in font nullfont!
Missing character: There is no e in font nullfont!
Missing character: There is no a in font nullfont!
Missing character: There is no m in font nullfont!
Missing character: There is no e in font nullfont!
Missing character: There is no r in font nullfont!
Missing character: There is no p in font nullfont!
Missing character: There is no o in font nullfont!
Missing character: There is no s in font nullfont!
Missing character: There is no t in font nullfont!
Missing character: There is no e in font nullfont!
Missing character: There is no r in font nullfont!
Missing character: There is no @ in font nullfont!
Missing character: There is no p in font nullfont!
Missing character: There is no o in font nullfont!
Missing character: There is no r in font nullfont!
Missing character: There is no t in font nullfont!
Missing character: There is no r in font nullfont!
Missing character: There is no a in font nullfont!
Missing character: There is no i in font nullfont!
Missing character: There is no t in font nullfont!
Missing character: There is no @ in font nullfont!
Missing character: There is no b in font nullfont!
Missing character: There is no e in font nullfont!
Missing character: There is no a in font nullfont!
Missing character: There is no m in font nullfont!
Missing character: There is no e in font nullfont!
Missing character: There is no r in font nullfont!
Missing character: There is no p in font nullfont!
Missing character: There is no o in font nullfont!
Missing character: There is no s in font nullfont!
Missing character: There is no t in font nullfont!
Missing character: There is no e in font nullfont!
Missing character: There is no r in font nullfont!
Missing character: There is no @ in font nullfont!
Missing character: There is no c in font nullfont!
Missing character: There is no u in font nullfont!
Missing character: There is no s in font nullfont!
Missing character: There is no t in font nullfont!
Missing character: There is no o in font nullfont!
Missing character: There is no m in font nullfont!
Missing character: There is no s in font nullfont!
Missing character: There is no i in font nullfont!
Missing character: There is no z in font nullfont!
Missing character: There is no e in font nullfont!
Missing character: There is no @ in font nullfont!
Missing character: There is no b in font nullfont!
Missing character: There is no e in font nullfont!
Missing character: There is no a in font nullfont!
Missing character: There is no m in font nullfont!
Missing character: There is no e in font nullfont!
Missing character: There is no r in font nullfont!
Missing character: There is no p in font nullfont!
Missing character: There is no o in font nullfont!
Missing character: There is no s in font nullfont!
Missing character: There is no t in font nullfont!
Missing character: There is no e in font nullfont!
Missing character: There is no r in font nullfont!
Missing character: There is no @ in font nullfont!
Missing character: There is no e in font nullfont!
Missing character: There is no x in font nullfont!
Missing character: There is no t in font nullfont!
Missing character: There is no e in font nullfont!
Missing character: There is no r in font nullfont!
Missing character: There is no n in font nullfont!
Missing character: There is no @ in font nullfont!
Missing character: There is no b in font nullfont!
Missing character: There is no e in font nullfont!
Missing character: There is no a in font nullfont!
Missing character: There is no m in font nullfont!
Missing character: There is no e in font nullfont!
Missing character: There is no r in font nullfont!
Missing character: There is no p in font nullfont!
Missing character: There is no o in font nullfont!
Missing character: There is no s in font nullfont!
Missing character: There is no t in font nullfont!
Missing character: There is no e in font nullfont!
Missing character: There is no r in font nullfont!
Missing character: There is no @ in font nullfont!
Missing character: There is no d in font nullfont!
Missing character: There is no e in font nullfont!
Missing character: There is no b in font nullfont!
Missing character: There is no u in font nullfont!
Missing character: There is no g in font nullfont!

Overfull \hbox (20.0pt too wide) in paragraph at lines 46--50
[]
 []

! Use of \beamerposter doesn't match its definition.
<write> Package \beamerposter @n
                                ame Info: checking size input, please wait.\...
l.128 \ExecuteOptionsX{size=a0,scale=1.0}
                                         
If you say, e.g., `\def\a1{...}', then you must always
put `1' after `\a', since control sequence names are
made up of letters only. The macro here has not been
followed by the required stuff, so I'm ignoring it.

Package ame Info: checking size input, please wait. on input line 128.
! Undefined control sequence.
\KV@.@size ...king size input, please wait.} \XKV 
                                                  @cc*+[\val \nr ]{#1}{a0b,a...
l.128 \ExecuteOptionsX{size=a0,scale=1.0}
                                         
The control sequence at the end of the top line
of your error message was never \def'ed. If you have
misspelled it (e.g., `\hobx'), type `I' and the correct
spelling (e.g., `I\hbox'). Otherwise just continue,
and I'll forget about whatever was undefined.


! LaTeX Error: Missing \begin{document}.

See the LaTeX manual or LaTeX Companion for explanation.
Type  H <return>  for immediate help.
 ...                                              
                                                  
l.128 \ExecuteOptionsX{size=a0,scale=1.0}
                                         
You're in trouble here.  Try typing  <return>  to proceed.
If that doesn't work, type  X <return>  to quit.

Missing character: There is no @ in font nullfont!
Missing character: There is no c in font nullfont!
Missing character: There is no c in font nullfont!
Missing character: There is no * in font nullfont!
Missing character: There is no + in font nullfont!
Missing character: There is no [ in font nullfont!
! Undefined control sequence.
\KV@.@size ...nput, please wait.} \XKV @cc*+[\val 
                                                  \nr ]{#1}{a0b,a0,a1,a2,a3,...
l.128 \ExecuteOptionsX{size=a0,scale=1.0}
                                         
The control sequence at the end of the top line
of your error message was never \def'ed. If you have
misspelled it (e.g., `\hobx'), type `I' and the correct
spelling (e.g., `I\hbox'). Otherwise just continue,
and I'll forget about whatever was undefined.

! Undefined control sequence.
\KV@.@size ..., please wait.} \XKV @cc*+[\val \nr 
                                                  ]{#1}{a0b,a0,a1,a2,a3,a4,c...
l.128 \ExecuteOptionsX{size=a0,scale=1.0}
                                         
The control sequence at the end of the top line
of your error message was never \def'ed. If you have
misspelled it (e.g., `\hobx'), type `I' and the correct
spelling (e.g., `I\hbox'). Otherwise just continue,
and I'll forget about whatever was undefined.

Missing character: There is no ] in font nullfont!
Missing character: There is no a in font nullfont!
Missing character: There is no 0 in font nullfont!
Missing character: There is no a in font nullfont!
Missing character: There is no 0 in font nullfont!
Missing character: There is no b in font nullfont!
Missing character: There is no , in font nullfont!
Missing character: There is no a in font nullfont!
Missing character: There is no 0 in font nullfont!
Missing character: There is no , in font nullfont!
Missing character: There is no a in font nullfont!
Missing character: There is no 1 in font nullfont!
Missing character: There is no , in font nullfont!
Missing character: There is no a in font nullfont!
Missing character: There is no 2 in font nullfont!
Missing character: There is no , in font nullfont!
Missing character: There is no a in font nullfont!
Missing character: There is no 3 in font nullfont!
Missing character: There is no , in font nullfont!
Missing character: There is no a in font nullfont!
Missing character: There is no 4 in font nullfont!
Missing character: There is no , in font nullfont!
Missing character: There is no c in font nullfont!
Missing character: There is no u in font nullfont!
Missing character: There is no s in font nullfont!
Missing character: There is no t in font nullfont!
Missing character: There is no o in font nullfont!
Missing character: There is no m in font nullfont!
! Use of \beamerposter doesn't match its definition.
<write> Package \beamerposter @n
                                ame Info: the input \val \ \nr \ was correct...
l.128 \ExecuteOptionsX{size=a0,scale=1.0}
                                         
If you say, e.g., `\def\a1{...}', then you must always
put `1' after `\a', since control sequence names are
made up of letters only. The macro here has not been
followed by the required stuff, so I'm ignoring it.

! Undefined control sequence.
<write> ...eamerposter @name Info: the input \val 
                                                  \ \nr \ was correct, we pr...
l.128 \ExecuteOptionsX{size=a0,scale=1.0}
                                         
The control sequence at the end of the top line
of your error message was never \def'ed. If you have
misspelled it (e.g., `\hobx'), type `I' and the correct
spelling (e.g., `I\hbox'). Otherwise just continue,
and I'll forget about whatever was undefined.

! Undefined control sequence.
<write> ...oster @name Info: the input \val \ \nr 
                                                  \ was correct, we proceed....
l.128 \ExecuteOptionsX{size=a0,scale=1.0}
                                         
The control sequence at the end of the top line
of your error message was never \def'ed. If you have
misspelled it (e.g., `\hobx'), type `I' and the correct
spelling (e.g., `I\hbox'). Otherwise just continue,
and I'll forget about whatever was undefined.

Package ame Info: the input \ \ was correct, we proceed. on input line 128.
! Undefined control sequence.
\KV@.@size ...s correct, we proceed.} \ifcase \nr 
                                                  \relax \edef \paperwidthVa...
l.128 \ExecuteOptionsX{size=a0,scale=1.0}
                                         
The control sequence at the end of the top line
of your error message was never \def'ed. If you have
misspelled it (e.g., `\hobx'), type `I' and the correct
spelling (e.g., `I\hbox'). Otherwise just continue,
and I'll forget about whatever was undefined.

! Missing number, treated as zero.
<to be read again> 
                   \relax 
l.128 \ExecuteOptionsX{size=a0,scale=1.0}
                                         
A number should have been here; I inserted `0'.
(If you can't figure out why I needed to see a number,
look up `weird error' in the index to The TeXbook.)

! Use of \beamerposter doesn't match its definition.
\KV@.@size ...ustomsizetrue \fi }{\beamerposter @W
                                                  arning{the input \val \ wa...
l.128 \ExecuteOptionsX{size=a0,scale=1.0}
                                         
If you say, e.g., `\def\a1{...}', then you must always
put `1' after `\a', since control sequence names are
made up of letters only. The macro here has not been
followed by the required stuff, so I'm ignoring it.

Missing character: There is no a in font nullfont!
Missing character: There is no r in font nullfont!
Missing character: There is no n in font nullfont!
Missing character: There is no i in font nullfont!
Missing character: There is no n in font nullfont!
Missing character: There is no g in font nullfont!
Missing character: There is no t in font nullfont!
Missing character: There is no h in font nullfont!
Missing character: There is no e in font nullfont!
Missing character: There is no i in font nullfont!
Missing character: There is no n in font nullfont!
Missing character: There is no p in font nullfont!
Missing character: There is no u in font nullfont!
Missing character: There is no t in font nullfont!
! Undefined control sequence.
\KV@.@size ...eamerposter @Warning{the input \val 
                                                  \ was incorrect and was ig...
l.128 \ExecuteOptionsX{size=a0,scale=1.0}
                                         
The control sequence at the end of the top line
of your error message was never \def'ed. If you have
misspelled it (e.g., `\hobx'), type `I' and the correct
spelling (e.g., `I\hbox'). Otherwise just continue,
and I'll forget about whatever was undefined.

Missing character: There is no w in font nullfont!
Missing character: There is no a in font nullfont!
Missing character: There is no s in font nullfont!
Missing character: There is no i in font nullfont!
Missing character: There is no n in font nullfont!
Missing character: There is no c in font nullfont!
Missing character: There is no o in font nullfont!
Missing character: There is no r in font nullfont!
Missing character: There is no r in font nullfont!
Missing character: There is no e in font nullfont!
Missing character: There is no c in font nullfont!
Missing character: There is no t in font nullfont!
Missing character: There is no a in font nullfont!
Missing character: There is no n in font nullfont!
Missing character: There is no d in font nullfont!
Missing character: There is no w in font nullfont!
Missing character: There is no a in font nullfont!
Missing character: There is no s in font nullfont!
Missing character: There is no i in font nullfont!
Missing character: There is no g in font nullfont!
Missing character: There is no n in font nullfont!
Missing character: There is no o in font nullfont!
Missing character: There is no r in font nullfont!
Missing character: There is no e in font nullfont!
Missing character: There is no d in font nullfont!
Missing character: There is no . in font nullfont!
! Use of \beamerposter doesn't match its definition.
<write> Package \beamerposter @n
                                ame Info: finished size input check.\on@line .
l.128 \ExecuteOptionsX{size=a0,scale=1.0}
                                         
If you say, e.g., `\def\a1{...}', then you must always
put `1' after `\a', since control sequence names are
made up of letters only. The macro here has not been
followed by the required stuff, so I'm ignoring it.

Package ame Info: finished size input check. on input line 128.
! Use of \beamerposter doesn't match its definition.
<write> Package \beamerposter @n
                                ame Info: myfontscale=\myfontscale \on@line .
l.128 \ExecuteOptionsX{size=a0,scale=1.0}
                                         
If you say, e.g., `\def\a1{...}', then you must always
put `1' after `\a', since control sequence names are
made up of letters only. The macro here has not been
followed by the required stuff, so I'm ignoring it.

Package ame Info: myfontscale=1.0 on input line 128.
! Missing \endcsname inserted.
<to be read again> 
                   \opt@. 
l.129 \ProcessOptionsX\relax
                            
The control sequence marked <to be read again> should
not appear between \csname and \endcsname.


! LaTeX Error: Unknown option `\opt@. ' for package `'.

See the LaTeX manual or LaTeX Companion for explanation.
Type  H <return>  for immediate help.
 ...                                              
                                                  
l.129 \ProcessOptionsX\relax
                            
The option `\opt@. ' was not declared in package `', perhaps you
misspelled its name. Try typing  <return>  to proceed.


Overfull \hbox (20.0pt too wide) in paragraph at lines 128--130
[]
 []

( FP-UPN ( FP-MUL
! FP error: Illegal character \fontscale  found in float number!.
\FP@errmessage #1->\errmessage {FP error: #1!}
                                              
l.137 ...ntscale}{myfontscale fontscale * 2 round}
                                                  
This error message was generated by an \errmessage
command, so I can't give any explicit help.
Pretend that you're Hercule Poirot: Examine all clues,
and deduce the truth by order and method.

! FP error: Number too big!.
\FP@errmessage #1->\errmessage {FP error: #1!}
                                              
l.137 ...ntscale}{myfontscale fontscale * 2 round}
                                                  
(That was another \errmessage.)

! FP error: Number too big!.
\FP@errmessage #1->\errmessage {FP error: #1!}
                                              
l.137 ...ntscale}{myfontscale fontscale * 2 round}
                                                  
(That was another \errmessage.)

) ( FP-ROUND
! FP error: Number too big!.
\FP@errmessage #1->\errmessage {FP error: #1!}
                                              
l.137 ...ntscale}{myfontscale fontscale * 2 round}
                                                  
(That was another \errmessage.)

) )
! Undefined control sequence.
<argument> \paperwidthValue 
                            cm
l.149 ...tlength{\paperwidth}{\paperwidthValue cm}
                                                  
The control sequence at the end of the top line
of your error message was never \def'ed. If you have
misspelled it (e.g., `\hobx'), type `I' and the correct
spelling (e.g., `I\hbox'). Otherwise just continue,
and I'll forget about whatever was undefined.

! Missing number, treated as zero.
<to be read again> 
                   c
l.149 ...tlength{\paperwidth}{\paperwidthValue cm}
                                                  
A number should have been here; I inserted `0'.
(If you can't figure out why I needed to see a number,
look up `weird error' in the index to The TeXbook.)

! Undefined control sequence.
<argument> \paperheightValue 
                             cm
l.150 ...ength{\paperheight}{\paperheightValue cm}
                                                  
The control sequence at the end of the top line
of your error message was never \def'ed. If you have
misspelled it (e.g., `\hobx'), type `I' and the correct
spelling (e.g., `I\hbox'). Otherwise just continue,
and I'll forget about whatever was undefined.

! Missing number, treated as zero.
<to be read again> 
                   c
l.150 ...ength{\paperheight}{\paperheightValue cm}
                                                  
A number should have been here; I inserted `0'.
(If you can't figure out why I needed to see a number,
look up `weird error' in the index to The TeXbook.)

! Undefined control sequence.
<argument> \textwidthValue 
                           cm
l.151   \setlength{\textwidth}{\textwidthValue cm}
                                                  
The control sequence at the end of the top line
of your error message was never \def'ed. If you have
misspelled it (e.g., `\hobx'), type `I' and the correct
spelling (e.g., `I\hbox'). Otherwise just continue,
and I'll forget about whatever was undefined.

! Missing number, treated as zero.
<to be read again> 
                   c
l.151   \setlength{\textwidth}{\textwidthValue cm}
                                                  
A number should have been here; I inserted `0'.
(If you can't figure out why I needed to see a number,
look up `weird error' in the index to The TeXbook.)

! Undefined control sequence.
<argument> \textheightValue 
                            cm
l.152 ...tlength{\textheight}{\textheightValue cm}
                                                  
The control sequence at the end of the top line
of your error message was never \def'ed. If you have
misspelled it (e.g., `\hobx'), type `I' and the correct
spelling (e.g., `I\hbox'). Otherwise just continue,
and I'll forget about whatever was undefined.

! Missing number, treated as zero.
<to be read again> 
                   c
l.152 ...tlength{\textheight}{\textheightValue cm}
                                                  
A number should have been here; I inserted `0'.
(If you can't figure out why I needed to see a number,
look up `weird error' in the index to The TeXbook.)

! Use of \beamerposter doesn't match its definition.
<write> Package \beamerposter @n
                                ame Info: paperwidth=\the \paperwidth , pape...
l.172 ...paperwidth, paperheight=\the\paperheight}
                                                  
If you say, e.g., `\def\a1{...}', then you must always
put `1' after `\a', since control sequence names are
made up of letters only. The macro here has not been
followed by the required stuff, so I'm ignoring it.

Package ame Info: paperwidth=0.0pt, paperheight=0.0pt on input line 172.
! Use of \beamerposter doesn't match its definition.
<write> Package \beamerposter @n
                                ame Info: textwidth=\the \textwidth , textwi...
l.173 ...the\textwidth, textwidth=\the\textheight}
                                                  
If you say, e.g., `\def\a1{...}', then you must always
put `1' after `\a', since control sequence names are
made up of letters only. The macro here has not been
followed by the required stuff, so I'm ignoring it.

Package ame Info: textwidth=0.0pt, textwidth=0.0pt on input line 173.
! Use of \beamerposter doesn't match its definition.
<write> Package \beamerposter @n
                                ame Info: fontscale=\fontscale , myfontscale...
l.174 ...ale=\fontscale, myfontscale=\myfontscale}
                                                  
If you say, e.g., `\def\a1{...}', then you must always
put `1' after `\a', since control sequence names are
made up of letters only. The macro here has not been
followed by the required stuff, so I'm ignoring it.

! Undefined control sequence.
<write> ...oster @name Info: fontscale=\fontscale 
                                                  , myfontscale=\myfontscale...
l.174 ...ale=\fontscale, myfontscale=\myfontscale}
                                                  
The control sequence at the end of the top line
of your error message was never \def'ed. If you have
misspelled it (e.g., `\hobx'), type `I' and the correct
spelling (e.g., `I\hbox'). Otherwise just continue,
and I'll forget about whatever was undefined.

Package ame Info: fontscale=, myfontscale=0.00 on input line 174.
! Undefined control sequence.
l.175 \geometry
               {
The control sequence at the end of the top line
of your error message was never \def'ed. If you have
misspelled it (e.g., `\hobx'), type `I' and the correct
spelling (e.g., `I\hbox'). Otherwise just continue,
and I'll forget about whatever was undefined.


! LaTeX Error: Missing \begin{document}.

See the LaTeX manual or LaTeX Companion for explanation.
Type  H <return>  for immediate help.
 ...                                              
                                                  
l.176   p
         aperwidth=\the\paperwidth,
You're in trouble here.  Try typing  <return>  to proceed.
If that doesn't work, type  X <return>  to quit.

Missing character: There is no p in font nullfont!
Missing character: There is no a in font nullfont!
Missing character: There is no p in font nullfont!
Missing character: There is no e in font nullfont!
Missing character: There is no r in font nullfont!
Missing character: There is no w in font nullfont!
Missing character: There is no i in font nullfont!
Missing character: There is no d in font nullfont!
Missing character: There is no t in font nullfont!
Missing character: There is no h in font nullfont!
Missing character: There is no = in font nullfont!
Missing character: There is no 0 in font nullfont!
Missing character: There is no . in font nullfont!
Missing character: There is no 0 in font nullfont!
Missing character: There is no p in font nullfont!
Missing character: There is no t in font nullfont!
Missing character: There is no , in font nullfont!
Missing character: There is no p in font nullfont!
Missing character: There is no a in font nullfont!
Missing character: There is no p in font nullfont!
Missing character: There is no e in font nullfont!
Missing character: There is no r in font nullfont!
Missing character: There is no h in font nullfont!
Missing character: There is no e in font nullfont!
Missing character: There is no i in font nullfont!
Missing character: There is no g in font nullfont!
Missing character: There is no h in font nullfont!
Missing character: There is no t in font nullfont!
Missing character: There is no = in font nullfont!
Missing character: There is no 0 in font nullfont!
Missing character: There is no . in font nullfont!
Missing character: There is no 0 in font nullfont!
Missing character: There is no p in font nullfont!
Missing character: There is no t in font nullfont!
Missing character: There is no , in font nullfont!
Missing character: There is no h in font nullfont!
Missing character: There is no m in font nullfont!
Missing character: There is no a in font nullfont!
Missing character: There is no r in font nullfont!
Missing character: There is no g in font nullfont!
Missing character: There is no i in font nullfont!
Missing character: There is no n in font nullfont!
Missing character: There is no = in font nullfont!
Missing character: There is no 1 in font nullfont!
Missing character: There is no . in font nullfont!
Missing character: There is no 2 in font nullfont!
Missing character: There is no 5 in font nullfont!
Missing character: There is no c in font nullfont!
Missing character: There is no m in font nullfont!
Missing character: There is no , in font nullfont!
Missing character: There is no v in font nullfont!
Missing character: There is no m in font nullfont!
Missing character: There is no a in font nullfont!
Missing character: There is no r in font nullfont!
Missing character: There is no g in font nullfont!
Missing character: There is no i in font nullfont!
Missing character: There is no n in font nullfont!
Missing character: There is no = in font nullfont!
Missing character: There is no 0 in font nullfont!
Missing character: There is no c in font nullfont!
Missing character: There is no m in font nullfont!
Missing character: There is no , in font nullfont!
Missing character: There is no h in font nullfont!
Missing character: There is no e in font nullfont!
Missing character: There is no a in font nullfont!
Missing character: There is no d in font nullfont!
Missing character: There is no = in font nullfont!
Missing character: There is no 0 in font nullfont!
Missing character: There is no . in font nullfont!
Missing character: There is no 5 in font nullfont!
Missing character: There is no c in font nullfont!
Missing character: There is no m in font nullfont!
Missing character: There is no , in font nullfont!
Missing character: There is no h in font nullfont!
Missing character: There is no e in font nullfont!
Missing character: There is no a in font nullfont!
Missing character: There is no d in font nullfont!
Missing character: There is no s in font nullfont!
Missing character: There is no e in font nullfont!
Missing character: There is no p in font nullfont!
Missing character: There is no = in font nullfont!
Missing character: There is no 0 in font nullfont!
Missing character: There is no p in font nullfont!
Missing character: There is no t in font nullfont!
Missing character: There is no , in font nullfont!
Missing character: There is no f in font nullfont!
Missing character: There is no o in font nullfont!
Missing character: There is no o in font nullfont!
Missing character: There is no t in font nullfont!
Missing character: There is no = in font nullfont!
Missing character: There is no 0 in font nullfont!
Missing character: There is no . in font nullfont!
Missing character: There is no 5 in font nullfont!
Missing character: There is no c in font nullfont!
Missing character: There is no m in font nullfont!

Overfull \hbox (20.0pt too wide) in paragraph at lines 176--186
[]
 []

( FP-UPN ( FP-MUL
! FP error: Number too big!.
\FP@errmessage #1->\errmessage {FP error: #1!}
                                              
l.223 ...lttinyX}{myfontscale fontSizeX * 2 round}
                                                  
(That was another \errmessage.)

! FP error: Number too big!.
\FP@errmessage #1->\errmessage {FP error: #1!}
                                              
l.223 ...lttinyX}{myfontscale fontSizeX * 2 round}
                                                  
(That was another \errmessage.)

) ( FP-ROUND
! FP error: Number too big!.
\FP@errmessage #1->\errmessage {FP error: #1!}
                                              
l.223 ...lttinyX}{myfontscale fontSizeX * 2 round}
                                                  
(That was another \errmessage.)

) ) ( FP-UPN ( FP-MUL
! FP error: Number too big!.
\FP@errmessage #1->\errmessage {FP error: #1!}
                                              
l.224 ...lttinyY}{myfontscale fontSizeY * 2 round}
                                                  
(That was another \errmessage.)

! FP error: Number too big!.
\FP@errmessage #1->\errmessage {FP error: #1!}
                                              
l.224 ...lttinyY}{myfontscale fontSizeY * 2 round}
                                                  
(That was another \errmessage.)

) ( FP-ROUND
! FP error: Number too big!.
\FP@errmessage #1->\errmessage {FP error: #1!}
                                              
l.224 ...lttinyY}{myfontscale fontSizeY * 2 round}
                                                  
(That was another \errmessage.)

) )

! LaTeX Error: \tiny undefined.

See the LaTeX manual or LaTeX Companion for explanation.
Type  H <return>  for immediate help.
 ...                                              
                                                  
l.225 \renewcommand*{\tiny}
                           {\fontsize{\resulttinyX}{\resulttinyY}\selectfont}
Try typing  <return>  to proceed.
If that doesn't work, type  X <return>  to quit.

( FP-UPN ( FP-MUL
! FP error: Number too big!.
\FP@errmessage #1->\errmessage {FP error: #1!}
                                              
l.228 ...ptsizeX}{myfontscale fontSizeX * 2 round}
                                                  
(That was another \errmessage.)

! FP error: Number too big!.
\FP@errmessage #1->\errmessage {FP error: #1!}
                                              
l.228 ...ptsizeX}{myfontscale fontSizeX * 2 round}
                                                  
(That was another \errmessage.)

) ( FP-ROUND
! FP error: Number too big!.
\FP@errmessage #1->\errmessage {FP error: #1!}
                                              
l.228 ...ptsizeX}{myfontscale fontSizeX * 2 round}
                                                  
(That was another \errmessage.)

) ) ( FP-UPN ( FP-MUL
! FP error: Number too big!.
\FP@errmessage #1->\errmessage {FP error: #1!}
                                              
l.229 ...ptsizeY}{myfontscale fontSizeY * 2 round}
                                                  
(That was another \errmessage.)

! FP error: Number too big!.
\FP@errmessage #1->\errmessage {FP error: #1!}
                                              
l.229 ...ptsizeY}{myfontscale fontSizeY * 2 round}
                                                  
(That was another \errmessage.)

) ( FP-ROUND
! FP error: Number too big!.
\FP@errmessage #1->\errmessage {FP error: #1!}
                                              
l.229 ...ptsizeY}{myfontscale fontSizeY * 2 round}
                                                  
(That was another \errmessage.)

) )

! LaTeX Error: \scriptsize undefined.

See the LaTeX manual or LaTeX Companion for explanation.
Type  H <return>  for immediate help.
 ...                                              
                                                  
l.230 \renewcommand*{\scriptsize}
                                 {\fontsize{\resultscriptsizeX}{\resultscrip...

Try typing  <return>  to proceed.
If that doesn't work, type  X <return>  to quit.

( FP-UPN ( FP-MUL
! FP error: Number too big!.
\FP@errmessage #1->\errmessage {FP error: #1!}
                                              
l.233 ...tesizeX}{myfontscale fontSizeX * 2 round}
                                                  
(That was another \errmessage.)

! FP error: Number too big!.
\FP@errmessage #1->\errmessage {FP error: #1!}
                                              
l.233 ...tesizeX}{myfontscale fontSizeX * 2 round}
                                                  
(That was another \errmessage.)

) ( FP-ROUND
! FP error: Number too big!.
\FP@errmessage #1->\errmessage {FP error: #1!}
                                              
l.233 ...tesizeX}{myfontscale fontSizeX * 2 round}
                                                  
(That was another \errmessage.)

) ) ( FP-UPN ( FP-MUL
! FP error: Number too big!.
\FP@errmessage #1->\errmessage {FP error: #1!}
                                              
l.234 ...tesizeY}{myfontscale fontSizeY * 2 round}
                                                  
(That was another \errmessage.)

! FP error: Number too big!.
\FP@errmessage #1->\errmessage {FP error: #1!}
                                              
l.234 ...tesizeY}{myfontscale fontSizeY * 2 round}
                                                  
(That was another \errmessage.)

) ( FP-ROUND
! FP error: Number too big!.
\FP@errmessage #1->\errmessage {FP error: #1!}
                                              
l.234 ...tesizeY}{myfontscale fontSizeY * 2 round}
                                                  
(That was another \errmessage.)

) )

! LaTeX Error: \footnotesize undefined.

See the LaTeX manual or LaTeX Companion for explanation.
Type  H <return>  for immediate help.
 ...                                              
                                                  
l.235 \renewcommand*{\footnotesize}
                                   {\fontsize{\resultfootnotesizeX}{\resultf...

Try typing  <return>  to proceed.
If that doesn't work, type  X <return>  to quit.

( FP-UPN ( FP-MUL
! FP error: Number too big!.
\FP@errmessage #1->\errmessage {FP error: #1!}
                                              
l.238 ...tsmallX}{myfontscale fontSizeX * 2 round}
                                                  
(That was another \errmessage.)

! FP error: Number too big!.
\FP@errmessage #1->\errmessage {FP error: #1!}
                                              
l.238 ...tsmallX}{myfontscale fontSizeX * 2 round}
                                                  
(That was another \errmessage.)

) ( FP-ROUND
! FP error: Number too big!.
\FP@errmessage #1->\errmessage {FP error: #1!}
                                              
l.238 ...tsmallX}{myfontscale fontSizeX * 2 round}
                                                  
(That was another \errmessage.)

) ) ( FP-UPN ( FP-MUL
! FP error: Number too big!.
\FP@errmessage #1->\errmessage {FP error: #1!}
                                              
l.239 ...tsmallY}{myfontscale fontSizeY * 2 round}
                                                  
(That was another \errmessage.)

! FP error: Number too big!.
\FP@errmessage #1->\errmessage {FP error: #1!}
                                              
l.239 ...tsmallY}{myfontscale fontSizeY * 2 round}
                                                  
(That was another \errmessage.)

) ( FP-ROUND
! FP error: Number too big!.
\FP@errmessage #1->\errmessage {FP error: #1!}
                                              
l.239 ...tsmallY}{myfontscale fontSizeY * 2 round}
                                                  
(That was another \errmessage.)

) )

! LaTeX Error: \small undefined.

See the LaTeX manual or LaTeX Companion for explanation.
Type  H <return>  for immediate help.
 ...                                              
                                                  
l.240 \renewcommand*{\small}
                            {\fontsize{\resultsmallX}{\resultsmallY}\selectf...

Try typing  <return>  to proceed.
If that doesn't work, type  X <return>  to quit.

( FP-UPN ( FP-MUL
! FP error: Number too big!.
\FP@errmessage #1->\errmessage {FP error: #1!}
                                              
l.243 ...alsizeX}{myfontscale fontSizeX * 2 round}
                                                  
(That was another \errmessage.)

! FP error: Number too big!.
\FP@errmessage #1->\errmessage {FP error: #1!}
                                              
l.243 ...alsizeX}{myfontscale fontSizeX * 2 round}
                                                  
(That was another \errmessage.)

) ( FP-ROUND
! FP error: Number too big!.
\FP@errmessage #1->\errmessage {FP error: #1!}
                                              
l.243 ...alsizeX}{myfontscale fontSizeX * 2 round}
                                                  
(That was another \errmessage.)

) ) ( FP-UPN ( FP-MUL
! FP error: Number too big!.
\FP@errmessage #1->\errmessage {FP error: #1!}
                                              
l.244 ...alsizeY}{myfontscale fontSizeY * 2 round}
                                                  
(That was another \errmessage.)

! FP error: Number too big!.
\FP@errmessage #1->\errmessage {FP error: #1!}
                                              
l.244 ...alsizeY}{myfontscale fontSizeY * 2 round}
                                                  
(That was another \errmessage.)

) ( FP-ROUND
! FP error: Number too big!.
\FP@errmessage #1->\errmessage {FP error: #1!}
                                              
l.244 ...alsizeY}{myfontscale fontSizeY * 2 round}
                                                  
(That was another \errmessage.)

) ) ( FP-UPN ( FP-MUL
! FP error: Number too big!.
\FP@errmessage #1->\errmessage {FP error: #1!}
                                              
l.248 ...tlargeX}{myfontscale fontSizeX * 2 round}
                                                  
(That was another \errmessage.)

! FP error: Number too big!.
\FP@errmessage #1->\errmessage {FP error: #1!}
                                              
l.248 ...tlargeX}{myfontscale fontSizeX * 2 round}
                                                  
(That was another \errmessage.)

) ( FP-ROUND
! FP error: Number too big!.
\FP@errmessage #1->\errmessage {FP error: #1!}
                                              
l.248 ...tlargeX}{myfontscale fontSizeX * 2 round}
                                                  
(That was another \errmessage.)

) ) ( FP-UPN ( FP-MUL
! FP error: Number too big!.
\FP@errmessage #1->\errmessage {FP error: #1!}
                                              
l.249 ...tlargeY}{myfontscale fontSizeY * 2 round}
                                                  
(That was another \errmessage.)

! FP error: Number too big!.
\FP@errmessage #1->\errmessage {FP error: #1!}
                                              
l.249 ...tlargeY}{myfontscale fontSizeY * 2 round}
                                                  
(That was another \errmessage.)

) ( FP-ROUND
! FP error: Number too big!.
\FP@errmessage #1->\errmessage {FP error: #1!}
                                              
l.249 ...tlargeY}{myfontscale fontSizeY * 2 round}
                                                  
(That was another \errmessage.)

) )

! LaTeX Error: \large undefined.

See the LaTeX manual or LaTeX Companion for explanation.
Type  H <return>  for immediate help.
 ...                                              
                                                  
l.250 \renewcommand*{\large}
                            {\fontsize{\resultlargeX}{\resultlargeY}\selectf...

Try typing  <return>  to proceed.
If that doesn't work, type  X <return>  to quit.

( FP-UPN ( FP-MUL
! FP error: Number too big!.
\FP@errmessage #1->\errmessage {FP error: #1!}
                                              
l.253 ...tLargeX}{myfontscale fontSizeX * 2 round}
                                                  
(That was another \errmessage.)

! FP error: Number too big!.
\FP@errmessage #1->\errmessage {FP error: #1!}
                                              
l.253 ...tLargeX}{myfontscale fontSizeX * 2 round}
                                                  
(That was another \errmessage.)

) ( FP-ROUND
! FP error: Number too big!.
\FP@errmessage #1->\errmessage {FP error: #1!}
                                              
l.253 ...tLargeX}{myfontscale fontSizeX * 2 round}
                                                  
(That was another \errmessage.)

) ) ( FP-UPN ( FP-MUL
! FP error: Number too big!.
\FP@errmessage #1->\errmessage {FP error: #1!}
                                              
l.254 ...tLargeY}{myfontscale fontSizeY * 2 round}
                                                  
(That was another \errmessage.)

! FP error: Number too big!.
\FP@errmessage #1->\errmessage {FP error: #1!}
                                              
l.254 ...tLargeY}{myfontscale fontSizeY * 2 round}
                                                  
(That was another \errmessage.)

) ( FP-ROUND
! FP error: Number too big!.
\FP@errmessage #1->\errmessage {FP error: #1!}
                                              
l.254 ...tLargeY}{myfontscale fontSizeY * 2 round}
                                                  
(That was another \errmessage.)

) )

! LaTeX Error: \Large undefined.

See the LaTeX manual or LaTeX Companion for explanation.
Type  H <return>  for immediate help.
 ...                                              
                                                  
l.255 \renewcommand*{\Large}
                            {\fontsize{\resultLargeX}{\resultLargeY}\selectf...

Try typing  <return>  to proceed.
If that doesn't work, type  X <return>  to quit.

( FP-UPN ( FP-MUL
! FP error: Number too big!.
\FP@errmessage #1->\errmessage {FP error: #1!}
                                              
l.258 ...tLARGEX}{myfontscale fontSizeX * 2 round}
                                                  
(That was another \errmessage.)

! FP error: Number too big!.
\FP@errmessage #1->\errmessage {FP error: #1!}
                                              
l.258 ...tLARGEX}{myfontscale fontSizeX * 2 round}
                                                  
(That was another \errmessage.)

) ( FP-ROUND
! FP error: Number too big!.
\FP@errmessage #1->\errmessage {FP error: #1!}
                                              
l.258 ...tLARGEX}{myfontscale fontSizeX * 2 round}
                                                  
(That was another \errmessage.)

) ) ( FP-UPN ( FP-MUL
! FP error: Number too big!.
\FP@errmessage #1->\errmessage {FP error: #1!}
                                              
l.259 ...tLARGEY}{myfontscale fontSizeY * 2 round}
                                                  
(That was another \errmessage.)

! FP error: Number too big!.
\FP@errmessage #1->\errmessage {FP error: #1!}
                                              
l.259 ...tLARGEY}{myfontscale fontSizeY * 2 round}
                                                  
(That was another \errmessage.)

) ( FP-ROUND
! FP error: Number too big!.
\FP@errmessage #1->\errmessage {FP error: #1!}
                                              
l.259 ...tLARGEY}{myfontscale fontSizeY * 2 round}
                                                  
(That was another \errmessage.)

) )

! LaTeX Error: \LARGE undefined.

See the LaTeX manual or LaTeX Companion for explanation.
Type  H <return>  for immediate help.
 ...                                              
                                                  
l.260 \renewcommand*{\LARGE}
                            {\fontsize{\resultLARGEX}{\resultLARGEY}\selectf...

Try typing  <return>  to proceed.
If that doesn't work, type  X <return>  to quit.

( FP-UPN ( FP-MUL
! FP error: Number too big!.
\FP@errmessage #1->\errmessage {FP error: #1!}
                                              
l.263 ...lthugeX}{myfontscale fontSizeX * 2 round}
                                                  
(That was another \errmessage.)

! FP error: Number too big!.
\FP@errmessage #1->\errmessage {FP error: #1!}
                                              
l.263 ...lthugeX}{myfontscale fontSizeX * 2 round}
                                                  
(That was another \errmessage.)

) ( FP-ROUND
! FP error: Number too big!.
\FP@errmessage #1->\errmessage {FP error: #1!}
                                              
l.263 ...lthugeX}{myfontscale fontSizeX * 2 round}
                                                  
(That was another \errmessage.)

) ) ( FP-UPN ( FP-MUL
! FP error: Number too big!.
\FP@errmessage #1->\errmessage {FP error: #1!}
                                              
l.264 ...lthugeY}{myfontscale fontSizeY * 2 round}
                                                  
(That was another \errmessage.)

! FP error: Number too big!.
\FP@errmessage #1->\errmessage {FP error: #1!}
                                              
l.264 ...lthugeY}{myfontscale fontSizeY * 2 round}
                                                  
(That was another \errmessage.)

) ( FP-ROUND
! FP error: Number too big!.
\FP@errmessage #1->\errmessage {FP error: #1!}
                                              
l.264 ...lthugeY}{myfontscale fontSizeY * 2 round}
                                                  
(That was another \errmessage.)

) )

! LaTeX Error: \huge undefined.

See the LaTeX manual or LaTeX Companion for explanation.
Type  H <return>  for immediate help.
 ...                                              
                                                  
l.265 \renewcommand*{\huge}
                           {\fontsize{\resulthugeX}{\resulthugeY}\selectfont}
Try typing  <return>  to proceed.
If that doesn't work, type  X <return>  to quit.

( FP-UPN ( FP-MUL
! FP error: Number too big!.
\FP@errmessage #1->\errmessage {FP error: #1!}
                                              
l.268 ...ltHugeX}{myfontscale fontSizeX * 2 round}
                                                  
(That was another \errmessage.)

! FP error: Number too big!.
\FP@errmessage #1->\errmessage {FP error: #1!}
                                              
l.268 ...ltHugeX}{myfontscale fontSizeX * 2 round}
                                                  
(That was another \errmessage.)

) ( FP-ROUND
! FP error: Number too big!.
\FP@errmessage #1->\errmessage {FP error: #1!}
                                              
l.268 ...ltHugeX}{myfontscale fontSizeX * 2 round}
                                                  
(That was another \errmessage.)

) ) ( FP-UPN ( FP-MUL
! FP error: Number too big!.
\FP@errmessage #1->\errmessage {FP error: #1!}
                                              
l.269 ...ltHugeY}{myfontscale fontSizeY * 2 round}
                                                  
(That was another \errmessage.)

! FP error: Number too big!.
\FP@errmessage #1->\errmessage {FP error: #1!}
                                              
l.269 ...ltHugeY}{myfontscale fontSizeY * 2 round}
                                                  
(That was another \errmessage.)

) ( FP-ROUND
! FP error: Number too big!.
\FP@errmessage #1->\errmessage {FP error: #1!}
                                              
l.269 ...ltHugeY}{myfontscale fontSizeY * 2 round}
                                                  
(That was another \errmessage.)

) )

! LaTeX Error: \Huge undefined.

See the LaTeX manual or LaTeX Companion for explanation.
Type  H <return>  for immediate help.
 ...                                              
                                                  
l.270 \renewcommand*{\Huge}
                           {\fontsize{\resultHugeX}{\resultHugeY}\selectfont}
Try typing  <return>  to proceed.
If that doesn't work, type  X <return>  to quit.

( FP-UPN ( FP-MUL
! FP error: Number too big!.
\FP@errmessage #1->\errmessage {FP error: #1!}
                                              
l.273 ...ryHugeX}{myfontscale fontSizeX * 2 round}
                                                  
(That was another \errmessage.)

! FP error: Number too big!.
\FP@errmessage #1->\errmessage {FP error: #1!}
                                              
l.273 ...ryHugeX}{myfontscale fontSizeX * 2 round}
                                                  
(That was another \errmessage.)

) ( FP-ROUND
! FP error: Number too big!.
\FP@errmessage #1->\errmessage {FP error: #1!}
                                              
l.273 ...ryHugeX}{myfontscale fontSizeX * 2 round}
                                                  
(That was another \errmessage.)

) ) ( FP-UPN ( FP-MUL
! FP error: Number too big!.
\FP@errmessage #1->\errmessage {FP error: #1!}
                                              
l.274 ...ryHugeY}{myfontscale fontSizeY * 2 round}
                                                  
(That was another \errmessage.)

! FP error: Number too big!.
\FP@errmessage #1->\errmessage {FP error: #1!}
                                              
l.274 ...ryHugeY}{myfontscale fontSizeY * 2 round}
                                                  
(That was another \errmessage.)

) ( FP-ROUND
! FP error: Number too big!.
\FP@errmessage #1->\errmessage {FP error: #1!}
                                              
l.274 ...ryHugeY}{myfontscale fontSizeY * 2 round}
                                                  
(That was another \errmessage.)

) ) ( FP-UPN ( FP-MUL
! FP error: Number too big!.
\FP@errmessage #1->\errmessage {FP error: #1!}
                                              
l.278 ...ryHugeX}{myfontscale fontSizeX * 2 round}
                                                  
(That was another \errmessage.)

! FP error: Number too big!.
\FP@errmessage #1->\errmessage {FP error: #1!}
                                              
l.278 ...ryHugeX}{myfontscale fontSizeX * 2 round}
                                                  
(That was another \errmessage.)

) ( FP-ROUND
! FP error: Number too big!.
\FP@errmessage #1->\errmessage {FP error: #1!}
                                              
l.278 ...ryHugeX}{myfontscale fontSizeX * 2 round}
                                                  
(That was another \errmessage.)

) ) ( FP-UPN ( FP-MUL
! FP error: Number too big!.
\FP@errmessage #1->\errmessage {FP error: #1!}
                                              
l.279 ...ryHugeY}{myfontscale fontSizeY * 2 round}
                                                  
(That was another \errmessage.)

! FP error: Number too big!.
\FP@errmessage #1->\errmessage {FP error: #1!}
                                              
l.279 ...ryHugeY}{myfontscale fontSizeY * 2 round}
                                                  
(That was another \errmessage.)

) ( FP-ROUND
! FP error: Number too big!.
\FP@errmessage #1->\errmessage {FP error: #1!}
                                              
l.279 ...ryHugeY}{myfontscale fontSizeY * 2 round}
                                                  
(That was another \errmessage.)

) ) ( FP-UPN ( FP-MUL
! FP error: Number too big!.
\FP@errmessage #1->\errmessage {FP error: #1!}
                                              
l.283 ...RYHugeX}{myfontscale fontSizeX * 2 round}
                                                  
(That was another \errmessage.)

! FP error: Number too big!.
\FP@errmessage #1->\errmessage {FP error: #1!}
                                              
l.283 ...RYHugeX}{myfontscale fontSizeX * 2 round}
                                                  
(That was another \errmessage.)

) ( FP-ROUND
! FP error: Number too big!.
\FP@errmessage #1->\errmessage {FP error: #1!}
                                              
l.283 ...RYHugeX}{myfontscale fontSizeX * 2 round}
                                                  
(That was another \errmessage.)

) ) ( FP-UPN ( FP-MUL
! FP error: Number too big!.
\FP@errmessage #1->\errmessage {FP error: #1!}
                                              
l.284 ...RYHugeY}{myfontscale fontSizeY * 2 round}
                                                  
(That was another \errmessage.)

! FP error: Number too big!.
\FP@errmessage #1->\errmessage {FP error: #1!}
                                              
l.284 ...RYHugeY}{myfontscale fontSizeY * 2 round}
                                                  
(That was another \errmessage.)

) ( FP-ROUND
! FP error: Number too big!.
\FP@errmessage #1->\errmessage {FP error: #1!}
                                              
l.284 ...RYHugeY}{myfontscale fontSizeY * 2 round}
                                                  
(That was another \errmessage.)

) ) ( FP-UPN ( FP-MUL
! FP error: Number too big!.
\FP@errmessage #1->\errmessage {FP error: #1!}
                                              
l.299 ...e}{labelWidthValue myfontscale * 2 round}
                                                  
(That was another \errmessage.)

! FP error: Number too big!.
\FP@errmessage #1->\errmessage {FP error: #1!}
                                              
l.299 ...e}{labelWidthValue myfontscale * 2 round}
                                                  
(That was another \errmessage.)

) ( FP-ROUND
! FP error: Number too big!.
\FP@errmessage #1->\errmessage {FP error: #1!}
                                              
l.299 ...e}{labelWidthValue myfontscale * 2 round}
                                                  
(That was another \errmessage.)

) ) ( FP-UPN ( FP-MUL
! FP error: Number too big!.
\FP@errmessage #1->\errmessage {FP error: #1!}
                                              
l.300 ...lue}{labelSepValue myfontscale * 2 round}
                                                  
(That was another \errmessage.)

! FP error: Number too big!.
\FP@errmessage #1->\errmessage {FP error: #1!}
                                              
l.300 ...lue}{labelSepValue myfontscale * 2 round}
                                                  
(That was another \errmessage.)

) ( FP-ROUND
! FP error: Number too big!.
\FP@errmessage #1->\errmessage {FP error: #1!}
                                              
l.300 ...lue}{labelSepValue myfontscale * 2 round}
                                                  
(That was another \errmessage.)

) ) ( FP-UPN ( FP-MUL
! FP error: Number too big!.
\FP@errmessage #1->\errmessage {FP error: #1!}
                                              
l.301 ...dentionLevelValuei myfontscale * 2 round}
                                                  
(That was another \errmessage.)

! FP error: Number too big!.
\FP@errmessage #1->\errmessage {FP error: #1!}
                                              
l.301 ...dentionLevelValuei myfontscale * 2 round}
                                                  
(That was another \errmessage.)

) ( FP-ROUND
! FP error: Number too big!.
\FP@errmessage #1->\errmessage {FP error: #1!}
                                              
l.301 ...dentionLevelValuei myfontscale * 2 round}
                                                  
(That was another \errmessage.)

) ) ( FP-UPN ( FP-MUL
! FP error: Number too big!.
\FP@errmessage #1->\errmessage {FP error: #1!}
                                              
l.302 ...entionLevelValueii myfontscale * 2 round}
                                                  
(That was another \errmessage.)

! FP error: Number too big!.
\FP@errmessage #1->\errmessage {FP error: #1!}
                                              
l.302 ...entionLevelValueii myfontscale * 2 round}
                                                  
(That was another \errmessage.)

) ( FP-ROUND
! FP error: Number too big!.
\FP@errmessage #1->\errmessage {FP error: #1!}
                                              
l.302 ...entionLevelValueii myfontscale * 2 round}
                                                  
(That was another \errmessage.)

) ) ( FP-UPN ( FP-MUL
! FP error: Number too big!.
\FP@errmessage #1->\errmessage {FP error: #1!}
                                              
l.303 ...ntionLevelValueiii myfontscale * 2 round}
                                                  
(That makes 100 errors; please try again.) 
Here is how much of TeX's memory you used:
 1048 strings out of 493014
 13307 string characters out of 6133351
 79855 words of memory out of 5000000
 4635 multiletter control sequences out of 15000+600000
 3640 words of font info for 14 fonts, out of 8000000 for 9000
 1141 hyphenation exceptions out of 8191
 25i,0n,30p,207b,101s stack positions out of 5000i,500n,10000p,200000b,80000s

!  ==> Fatal error occurred, no output PDF file produced!
